WARNING: ignoring environment value of R_HOME
=== ANALYSIS PARAMETERS ===
Gene list file: /home/anna/uncoverappLib/inst/shiny-dir/new 1.txt 
BAM list file: /home/anna/uncoverappLib/inst/Test/bam3.list 
Genome version: hg38 
Minimum mapping quality: 25 
Minimum base quality: 25 
Chromosome notation: chr 
============================


Attaching package: ‘GenomicDataCommons’

The following object is masked from ‘package:stats’:

    filter

Loading required package: GenomicFeatures
Loading required package: BiocGenerics

Attaching package: ‘BiocGenerics’

The following objects are masked from ‘package:stats’:

    IQR, mad, sd, var, xtabs

The following objects are masked from ‘package:base’:

    anyDuplicated, aperm, append, as.data.frame, basename, cbind,
    colnames, dirname, do.call, duplicated, eval, evalq, Filter, Find,
    get, grep, grepl, intersect, is.unsorted, lapply, Map, mapply,
    match, mget, order, paste, pmax, pmax.int, pmin, pmin.int,
    Position, rank, rbind, Reduce, rownames, sapply, saveRDS, setdiff,
    table, tapply, union, unique, unsplit, which.max, which.min

Loading required package: S4Vectors
Loading required package: stats4

Attaching package: ‘S4Vectors’

The following object is masked from ‘package:GenomicDataCommons’:

    expand

The following object is masked from ‘package:utils’:

    findMatches

The following objects are masked from ‘package:base’:

    expand.grid, I, unname

Loading required package: IRanges
Loading required package: GenomeInfoDb
Loading required package: GenomicRanges
Loading required package: AnnotationDbi
Loading required package: Biobase
Welcome to Bioconductor

    Vignettes contain introductory material; view with
    'browseVignettes()'. To cite Bioconductor, see
    'citation("Biobase")', and for packages 'citation("pkgname")'.


Attaching package: ‘AnnotationDbi’

The following object is masked from ‘package:GenomicDataCommons’:

    select


Attaching package: ‘GenomicFeatures’

The following object is masked from ‘package:GenomicDataCommons’:

    genes


Loading required package: Biostrings
Loading required package: XVector

Attaching package: ‘Biostrings’

The following object is masked from ‘package:base’:

    strsplit

── Attaching core tidyverse packages ──────────────────────── tidyverse 2.0.0 ──
✔ dplyr     1.1.4     ✔ readr     2.1.5
✔ forcats   1.0.0     ✔ stringr   1.5.1
✔ ggplot2   3.5.2     ✔ tibble    3.2.1
✔ lubridate 1.9.4     ✔ tidyr     1.3.1
✔ purrr     1.0.4     
── Conflicts ────────────────────────────────────────── tidyverse_conflicts() ──
✖ lubridate::%within%() masks IRanges::%within%()
✖ dplyr::collapse()     masks Biostrings::collapse(), IRanges::collapse()
✖ dplyr::combine()      masks Biobase::combine(), BiocGenerics::combine()
✖ purrr::compact()      masks XVector::compact()
✖ dplyr::count()        masks GenomicDataCommons::count()
✖ dplyr::desc()         masks IRanges::desc()
✖ tidyr::expand()       masks S4Vectors::expand(), GenomicDataCommons::expand()
✖ dplyr::filter()       masks GenomicDataCommons::filter(), stats::filter()
✖ dplyr::first()        masks S4Vectors::first()
✖ dplyr::lag()          masks stats::lag()
✖ ggplot2::Position()   masks BiocGenerics::Position(), base::Position()
✖ purrr::reduce()       masks GenomicRanges::reduce(), IRanges::reduce()
✖ dplyr::rename()       masks S4Vectors::rename()
✖ lubridate::second()   masks S4Vectors::second()
✖ lubridate::second<-() masks S4Vectors::second<-()
✖ dplyr::select()       masks AnnotationDbi::select(), GenomicDataCommons::select()
✖ dplyr::slice()        masks XVector::slice(), IRanges::slice()
ℹ Use the conflicted package (<http://conflicted.r-lib.org/>) to force all conflicts to become errors
Warning message:
package ‘ggplot2’ was built under R version 4.4.3 
Read 17 items
Input genes: 17 
Read 1 item
=== GENE VALIDATION PROCESS ===
Stage 1: Converting gene names to ENTREZ IDs using org.Hs.eg.db...
'select()' returned 1:many mapping between keys and columns
WARNING: These genes were not found in org.Hs.eg.db and will be excluded:
  - Gene 'ANNA' not found in org.Hs.eg.db

Stage 1 result: 16 gene-ID mappings found from 16 unique genes

Stage 2: Validating genes against reference genome database...
Stage 2 result: 16 genes validated against reference genome
FINAL RESULT: Proceeding with 16 validated genes for analysis
SUMMARY: 1 genes excluded (1 from stage 1, 0 from stage 2)
=== GENE VALIDATION COMPLETE ===

'select()' returned 1:many mapping between keys and columns
'select()' returned 1:many mapping between keys and columns
'select()' returned 1:many mapping between keys and columns
'select()' returned 1:many mapping between keys and columns
'select()' returned 1:many mapping between keys and columns
'select()' returned 1:many mapping between keys and columns
'select()' returned 1:many mapping between keys and columns
'select()' returned 1:many mapping between keys and columns
'select()' returned 1:1 mapping between keys and columns
'select()' returned 1:1 mapping between keys and columns
'select()' returned 1:many mapping between keys and columns
'select()' returned 1:many mapping between keys and columns
'select()' returned 1:many mapping between keys and columns
'select()' returned 1:many mapping between keys and columns
'select()' returned 1:many mapping between keys and columns
'select()' returned 1:many mapping between keys and columns
[1] "=== PILEUP_DF DEBUG ==="
Error in h(simpleError(msg, call)) : 
  error in evaluating the argument 'x' in selecting a method for function 'nrow': object 'pileup_df' not found
Calls: print ... eval -> eval -> eval -> nrow -> .handleSimpleError -> h
Execution halted
